<?xml version="1.0" encoding="UTF-8"?>
<testsuite name="com.pbattles.usercollection.UserContainerTest" time="0.041" tests="13" errors="10" skipped="0" failures="0">
  <properties>
    <property name="java.runtime.name" value="Java(TM) SE Runtime Environment"/>
    <property name="sun.boot.library.path" value="C:\Program Files\Java\jdk1.8.0_31\jre\bin"/>
    <property name="java.vm.version" value="25.31-b07"/>
    <property name="user.country.format" value="RU"/>
    <property name="java.vm.vendor" value="Oracle Corporation"/>
    <property name="java.vendor.url" value="http://java.oracle.com/"/>
    <property name="path.separator" value=";"/>
    <property name="guice.disable.misplaced.annotation.check" value="true"/>
    <property name="java.vm.name" value="Java HotSpot(TM) 64-Bit Server VM"/>
    <property name="file.encoding.pkg" value="sun.io"/>
    <property name="user.script" value=""/>
    <property name="user.country" value="US"/>
    <property name="sun.java.launcher" value="SUN_STANDARD"/>
    <property name="sun.os.patch.level" value=""/>
    <property name="java.vm.specification.name" value="Java Virtual Machine Specification"/>
    <property name="user.dir" value="D:\programming\PbattlesBackend\pbattlesBackend"/>
    <property name="java.runtime.version" value="1.8.0_31-b13"/>
    <property name="java.awt.graphicsenv" value="sun.awt.Win32GraphicsEnvironment"/>
    <property name="java.endorsed.dirs" value="C:\Program Files\Java\jdk1.8.0_31\jre\lib\endorsed"/>
    <property name="os.arch" value="amd64"/>
    <property name="java.io.tmpdir" value="C:\Users\noflaxe\AppData\Local\Temp\"/>
    <property name="line.separator" value="&#10;"/>
    <property name="java.vm.specification.vendor" value="Oracle Corporation"/>
    <property name="user.variant" value=""/>
    <property name="os.name" value="Windows 7"/>
    <property name="classworlds.conf" value="C:\apache-maven-3.2.1\bin\m2.conf"/>
    <property name="sun.jnu.encoding" value="Cp1251"/>
    <property name="java.library.path" value="C:\Program Files\Java\jdk1.8.0_31\bin;C:\Windows\Sun\Java\bin;C:\Windows\system32;C:\Windows;C:\Program Files (x86)\NVIDIA Corporation\PhysX\Common;C:\ProgramData\Oracle\Java\javapath;C:\Program Files (x86)\OpenSSH\bin;C:\Program Files\Java\jdk1.7.0_60;C:\Program Files\Java\jdk1.8.0_31\bin;C:\OpenVpn\bin;C:\Program Files (x86)\Heroku\bin;C:\Program Files (x86)\git\cmd;C:\Program Files (x86)\Skype\Phone\;D:\soft\MATLAB\R2016a\bin;C:\Program Files (x86)\Sikuli X\libs;bin;C:\apache-maven-3.2.1\bin;C:\Program Files\Java\jdk1.8.0_31;C:\Program Files\Java\jdk1.8.0_31\bin;D:\cygwin64\bin;."/>
    <property name="java.specification.name" value="Java Platform API Specification"/>
    <property name="java.class.version" value="52.0"/>
    <property name="sun.management.compiler" value="HotSpot 64-Bit Tiered Compilers"/>
    <property name="os.version" value="6.1"/>
    <property name="user.home" value="C:\Users\noflaxe"/>
    <property name="user.timezone" value="Europe/Helsinki"/>
    <property name="java.awt.printerjob" value="sun.awt.windows.WPrinterJob"/>
    <property name="java.specification.version" value="1.8"/>
    <property name="file.encoding" value="Cp1251"/>
    <property name="user.name" value="noflaxe"/>
    <property name="java.class.path" value="C:\apache-maven-3.2.1\boot\plexus-classworlds-2.5.1.jar"/>
    <property name="org.slf4j.simpleLogger.defaultLogLevel" value="info"/>
    <property name="java.vm.specification.version" value="1.8"/>
    <property name="sun.arch.data.model" value="64"/>
    <property name="java.home" value="C:\Program Files\Java\jdk1.8.0_31\jre"/>
    <property name="sun.java.command" value="org.codehaus.plexus.classworlds.launcher.Launcher clean install"/>
    <property name="java.specification.vendor" value="Oracle Corporation"/>
    <property name="user.language" value="en"/>
    <property name="user.language.format" value="ru"/>
    <property name="awt.toolkit" value="sun.awt.windows.WToolkit"/>
    <property name="java.vm.info" value="mixed mode"/>
    <property name="java.version" value="1.8.0_31"/>
    <property name="java.ext.dirs" value="C:\Program Files\Java\jdk1.8.0_31\jre\lib\ext;C:\Windows\Sun\Java\lib\ext"/>
    <property name="sun.boot.class.path" value="C:\Program Files\Java\jdk1.8.0_31\jre\lib\resources.jar;C:\Program Files\Java\jdk1.8.0_31\jre\lib\rt.jar;C:\Program Files\Java\jdk1.8.0_31\jre\lib\sunrsasign.jar;C:\Program Files\Java\jdk1.8.0_31\jre\lib\jsse.jar;C:\Program Files\Java\jdk1.8.0_31\jre\lib\jce.jar;C:\Program Files\Java\jdk1.8.0_31\jre\lib\charsets.jar;C:\Program Files\Java\jdk1.8.0_31\jre\lib\jfr.jar;C:\Program Files\Java\jdk1.8.0_31\jre\classes"/>
    <property name="sun.stderr.encoding" value="cp866"/>
    <property name="java.vendor" value="Oracle Corporation"/>
    <property name="maven.home" value="C:\apache-maven-3.2.1"/>
    <property name="file.separator" value="\"/>
    <property name="java.vendor.url.bug" value="http://bugreport.sun.com/bugreport/"/>
    <property name="sun.cpu.endian" value="little"/>
    <property name="sun.io.unicode.encoding" value="UnicodeLittle"/>
    <property name="sun.stdout.encoding" value="cp866"/>
    <property name="sun.desktop" value="windows"/>
    <property name="sun.cpu.isalist" value="amd64"/>
  </properties>
  <testcase name="getAllReturnOnLotsOfElementsAndNull" classname="com.pbattles.usercollection.UserContainerTest" time="0.002">
    <error type="java.lang.NullPointerException:">java.lang.NullPointerException: null
	at com.pbattles.entity.UserInfo.hashCode(UserInfo.java:73)
	at java.util.concurrent.ConcurrentHashMap.putVal(ConcurrentHashMap.java:1012)
	at java.util.concurrent.ConcurrentHashMap.put(ConcurrentHashMap.java:1006)
	at java.util.Collections$SetFromMap.add(Collections.java:5461)
	at com.pbattles.usercollection.UserContainer.addUser(UserContainer.java:21)
	at com.pbattles.usercollection.UserContainerTest.addUserInfoToContainer(UserContainerTest.java:129)
	at com.pbattles.usercollection.UserContainerTest.getAllReturnOnLotsOfElementsAndNull(UserContainerTest.java:67)
</error>
  </testcase>
  <testcase name="addIsNotFailingOnNull" classname="com.pbattles.usercollection.UserContainerTest" time="0"/>
  <testcase name="addIsNotFailingOnRepeatableAdd" classname="com.pbattles.usercollection.UserContainerTest" time="0">
    <error type="java.lang.NullPointerException:">java.lang.NullPointerException: null
	at com.pbattles.entity.UserInfo.hashCode(UserInfo.java:73)
	at java.util.concurrent.ConcurrentHashMap.putVal(ConcurrentHashMap.java:1012)
	at java.util.concurrent.ConcurrentHashMap.put(ConcurrentHashMap.java:1006)
	at java.util.Collections$SetFromMap.add(Collections.java:5461)
	at com.pbattles.usercollection.UserContainer.addUser(UserContainer.java:21)
	at com.pbattles.usercollection.UserContainerTest.addUserInfoToContainer(UserContainerTest.java:129)
	at com.pbattles.usercollection.UserContainerTest.addIsNotFailingOnRepeatableAdd(UserContainerTest.java:35)
</error>
  </testcase>
  <testcase name="getAllReturnOnNoElements" classname="com.pbattles.usercollection.UserContainerTest" time="0.033"/>
  <testcase name="getAllReturnOnOneElement" classname="com.pbattles.usercollection.UserContainerTest" time="0">
    <error type="java.lang.NullPointerException:">java.lang.NullPointerException: null
	at com.pbattles.entity.UserInfo.hashCode(UserInfo.java:73)
	at java.util.concurrent.ConcurrentHashMap.putVal(ConcurrentHashMap.java:1012)
	at java.util.concurrent.ConcurrentHashMap.put(ConcurrentHashMap.java:1006)
	at java.util.Collections$SetFromMap.add(Collections.java:5461)
	at com.pbattles.usercollection.UserContainer.addUser(UserContainer.java:21)
	at com.pbattles.usercollection.UserContainerTest.addUserInfoToContainer(UserContainerTest.java:129)
	at com.pbattles.usercollection.UserContainerTest.getAllReturnOnOneElement(UserContainerTest.java:46)
</error>
  </testcase>
  <testcase name="getAllReturnOnLotsOfElements" classname="com.pbattles.usercollection.UserContainerTest" time="0.001">
    <error type="java.lang.NullPointerException:">java.lang.NullPointerException: null
	at com.pbattles.entity.UserInfo.hashCode(UserInfo.java:73)
	at java.util.concurrent.ConcurrentHashMap.putVal(ConcurrentHashMap.java:1012)
	at java.util.concurrent.ConcurrentHashMap.put(ConcurrentHashMap.java:1006)
	at java.util.Collections$SetFromMap.add(Collections.java:5461)
	at com.pbattles.usercollection.UserContainer.addUser(UserContainer.java:21)
	at com.pbattles.usercollection.UserContainerTest.addUserInfoToContainer(UserContainerTest.java:129)
	at com.pbattles.usercollection.UserContainerTest.getAllReturnOnLotsOfElements(UserContainerTest.java:53)
</error>
  </testcase>
  <testcase name="getAllReturnOnAddNull" classname="com.pbattles.usercollection.UserContainerTest" time="0"/>
  <testcase name="removeUserOnNotExisting" classname="com.pbattles.usercollection.UserContainerTest" time="0.001">
    <error type="java.lang.NullPointerException:">java.lang.NullPointerException: null
	at com.pbattles.entity.UserInfo.hashCode(UserInfo.java:73)
	at java.util.concurrent.ConcurrentHashMap.replaceNode(ConcurrentHashMap.java:1106)
	at java.util.concurrent.ConcurrentHashMap.remove(ConcurrentHashMap.java:1097)
	at java.util.Collections$SetFromMap.remove(Collections.java:5460)
	at com.pbattles.usercollection.UserContainer.removeUser(UserContainer.java:26)
	at com.pbattles.usercollection.UserContainerTest.removeUserInfoFomContainer(UserContainerTest.java:122)
	at com.pbattles.usercollection.UserContainerTest.removeUserOnNotExisting(UserContainerTest.java:75)
</error>
  </testcase>
  <testcase name="removeUserOnExistingElement" classname="com.pbattles.usercollection.UserContainerTest" time="0">
    <error type="java.lang.NullPointerException:">java.lang.NullPointerException: null
	at com.pbattles.entity.UserInfo.hashCode(UserInfo.java:73)
	at java.util.concurrent.ConcurrentHashMap.putVal(ConcurrentHashMap.java:1012)
	at java.util.concurrent.ConcurrentHashMap.put(ConcurrentHashMap.java:1006)
	at java.util.Collections$SetFromMap.add(Collections.java:5461)
	at com.pbattles.usercollection.UserContainer.addUser(UserContainer.java:21)
	at com.pbattles.usercollection.UserContainerTest.addUserInfoToContainer(UserContainerTest.java:129)
	at com.pbattles.usercollection.UserContainerTest.removeUserOnExistingElement(UserContainerTest.java:82)
</error>
  </testcase>
  <testcase name="removeUserOnExistingElements" classname="com.pbattles.usercollection.UserContainerTest" time="0">
    <error type="java.lang.NullPointerException:">java.lang.NullPointerException: null
	at com.pbattles.entity.UserInfo.hashCode(UserInfo.java:73)
	at java.util.concurrent.ConcurrentHashMap.putVal(ConcurrentHashMap.java:1012)
	at java.util.concurrent.ConcurrentHashMap.put(ConcurrentHashMap.java:1006)
	at java.util.Collections$SetFromMap.add(Collections.java:5461)
	at com.pbattles.usercollection.UserContainer.addUser(UserContainer.java:21)
	at com.pbattles.usercollection.UserContainerTest.addUserInfoToContainer(UserContainerTest.java:129)
	at com.pbattles.usercollection.UserContainerTest.removeUserOnExistingElements(UserContainerTest.java:90)
</error>
  </testcase>
  <testcase name="removeUserOnNotExistingElements" classname="com.pbattles.usercollection.UserContainerTest" time="0.001">
    <error type="java.lang.NullPointerException:">java.lang.NullPointerException: null
	at com.pbattles.entity.UserInfo.hashCode(UserInfo.java:73)
	at java.util.concurrent.ConcurrentHashMap.putVal(ConcurrentHashMap.java:1012)
	at java.util.concurrent.ConcurrentHashMap.put(ConcurrentHashMap.java:1006)
	at java.util.Collections$SetFromMap.add(Collections.java:5461)
	at com.pbattles.usercollection.UserContainer.addUser(UserContainer.java:21)
	at com.pbattles.usercollection.UserContainerTest.addUserInfoToContainer(UserContainerTest.java:129)
	at com.pbattles.usercollection.UserContainerTest.removeUserOnNotExistingElements(UserContainerTest.java:98)
</error>
  </testcase>
  <testcase name="removeNullOnExistingElements" classname="com.pbattles.usercollection.UserContainerTest" time="0">
    <error type="java.lang.NullPointerException:">java.lang.NullPointerException: null
	at com.pbattles.entity.UserInfo.hashCode(UserInfo.java:73)
	at java.util.concurrent.ConcurrentHashMap.putVal(ConcurrentHashMap.java:1012)
	at java.util.concurrent.ConcurrentHashMap.put(ConcurrentHashMap.java:1006)
	at java.util.Collections$SetFromMap.add(Collections.java:5461)
	at com.pbattles.usercollection.UserContainer.addUser(UserContainer.java:21)
	at com.pbattles.usercollection.UserContainerTest.addUserInfoToContainer(UserContainerTest.java:129)
	at com.pbattles.usercollection.UserContainerTest.removeNullOnExistingElements(UserContainerTest.java:106)
</error>
  </testcase>
  <testcase name="addIsNotFailing" classname="com.pbattles.usercollection.UserContainerTest" time="0.003">
    <error type="java.lang.NullPointerException:">java.lang.NullPointerException: null
	at com.pbattles.entity.UserInfo.hashCode(UserInfo.java:73)
	at java.util.concurrent.ConcurrentHashMap.putVal(ConcurrentHashMap.java:1012)
	at java.util.concurrent.ConcurrentHashMap.put(ConcurrentHashMap.java:1006)
	at java.util.Collections$SetFromMap.add(Collections.java:5461)
	at com.pbattles.usercollection.UserContainer.addUser(UserContainer.java:21)
	at com.pbattles.usercollection.UserContainerTest.addUserInfoToContainer(UserContainerTest.java:129)
	at com.pbattles.usercollection.UserContainerTest.addIsNotFailing(UserContainerTest.java:25)
</error>
  </testcase>
</testsuite>